mode: set
github.com/davesavic/GEditorJS/geditorjs.go:20.23,22.2 1 1
github.com/davesavic/GEditorJS/geditorjs.go:24.54,26.2 1 1
github.com/davesavic/GEditorJS/geditorjs.go:28.79,29.24 1 1
github.com/davesavic/GEditorJS/geditorjs.go:29.24,31.3 1 0
github.com/davesavic/GEditorJS/geditorjs.go:33.2,35.16 3 1
github.com/davesavic/GEditorJS/geditorjs.go:35.16,37.3 1 0
github.com/davesavic/GEditorJS/geditorjs.go:39.2,40.34 2 1
github.com/davesavic/GEditorJS/geditorjs.go:40.34,42.17 2 1
github.com/davesavic/GEditorJS/geditorjs.go:42.17,44.4 1 0
github.com/davesavic/GEditorJS/geditorjs.go:46.3,46.39 1 1
github.com/davesavic/GEditorJS/geditorjs.go:49.2,49.24 1 1
github.com/davesavic/GEditorJS/converter/html.go:12.68,14.22 2 1
github.com/davesavic/GEditorJS/converter/html.go:14.22,16.3 1 0
github.com/davesavic/GEditorJS/converter/html.go:18.2,18.29 1 1
github.com/davesavic/GEditorJS/converter/html.go:21.57,22.19 1 1
github.com/davesavic/GEditorJS/converter/html.go:23.16,24.36 1 1
github.com/davesavic/GEditorJS/converter/html.go:25.19,26.39 1 1
github.com/davesavic/GEditorJS/converter/html.go:27.13,28.33 1 1
github.com/davesavic/GEditorJS/converter/html.go:29.19,30.39 1 1
github.com/davesavic/GEditorJS/converter/html.go:31.14,32.34 1 1
github.com/davesavic/GEditorJS/converter/html.go:33.15,34.35 1 1
github.com/davesavic/GEditorJS/converter/html.go:35.15,36.35 1 1
github.com/davesavic/GEditorJS/converter/html.go:37.14,38.34 1 1
github.com/davesavic/GEditorJS/converter/html.go:39.19,40.39 1 1
github.com/davesavic/GEditorJS/converter/html.go:41.10,42.13 1 0
github.com/davesavic/GEditorJS/converter/html.go:48.74,51.16 3 1
github.com/davesavic/GEditorJS/converter/html.go:51.16,53.3 1 0
github.com/davesavic/GEditorJS/converter/html.go:55.2,55.77 1 1
github.com/davesavic/GEditorJS/converter/html.go:60.77,63.16 3 1
github.com/davesavic/GEditorJS/converter/html.go:63.16,65.3 1 0
github.com/davesavic/GEditorJS/converter/html.go:67.2,67.49 1 1
github.com/davesavic/GEditorJS/converter/html.go:72.71,75.16 3 1
github.com/davesavic/GEditorJS/converter/html.go:75.16,77.3 1 0
github.com/davesavic/GEditorJS/converter/html.go:79.2,79.23 1 1
github.com/davesavic/GEditorJS/converter/html.go:84.77,87.16 3 1
github.com/davesavic/GEditorJS/converter/html.go:87.16,89.3 1 0
github.com/davesavic/GEditorJS/converter/html.go:91.2,93.34 3 1
github.com/davesavic/GEditorJS/converter/html.go:93.34,94.94 1 1
github.com/davesavic/GEditorJS/converter/html.go:94.94,95.20 1 1
github.com/davesavic/GEditorJS/converter/html.go:95.20,97.5 1 1
github.com/davesavic/GEditorJS/converter/html.go:99.4,99.13 1 1
github.com/davesavic/GEditorJS/converter/html.go:102.2,104.24 2 1
github.com/davesavic/GEditorJS/converter/html.go:109.72,112.16 3 1
github.com/davesavic/GEditorJS/converter/html.go:112.16,114.3 1 0
github.com/davesavic/GEditorJS/converter/html.go:116.2,118.34 3 1
github.com/davesavic/GEditorJS/converter/html.go:118.34,120.3 1 1
github.com/davesavic/GEditorJS/converter/html.go:121.2,123.24 2 1
github.com/davesavic/GEditorJS/converter/html.go:128.73,131.16 3 1
github.com/davesavic/GEditorJS/converter/html.go:131.16,133.3 1 0
github.com/davesavic/GEditorJS/converter/html.go:135.2,135.26 1 1
github.com/davesavic/GEditorJS/converter/html.go:135.26,137.3 1 0
github.com/davesavic/GEditorJS/converter/html.go:139.2,139.148 1 1
github.com/davesavic/GEditorJS/converter/html.go:144.73,147.16 3 1
github.com/davesavic/GEditorJS/converter/html.go:147.16,149.3 1 0
github.com/davesavic/GEditorJS/converter/html.go:151.2,156.35 4 1
github.com/davesavic/GEditorJS/converter/html.go:156.35,157.34 1 1
github.com/davesavic/GEditorJS/converter/html.go:157.34,159.4 1 1
github.com/davesavic/GEditorJS/converter/html.go:159.9,159.36 1 1
github.com/davesavic/GEditorJS/converter/html.go:159.36,162.4 2 1
github.com/davesavic/GEditorJS/converter/html.go:164.3,165.28 2 1
github.com/davesavic/GEditorJS/converter/html.go:165.28,166.35 1 1
github.com/davesavic/GEditorJS/converter/html.go:166.35,168.5 1 1
github.com/davesavic/GEditorJS/converter/html.go:168.10,170.5 1 1
github.com/davesavic/GEditorJS/converter/html.go:172.3,174.34 2 1
github.com/davesavic/GEditorJS/converter/html.go:174.34,176.4 1 1
github.com/davesavic/GEditorJS/converter/html.go:179.2,179.17 1 1
github.com/davesavic/GEditorJS/converter/html.go:179.17,181.3 1 1
github.com/davesavic/GEditorJS/converter/html.go:183.2,185.24 2 1
github.com/davesavic/GEditorJS/converter/html.go:190.72,193.16 3 1
github.com/davesavic/GEditorJS/converter/html.go:193.16,195.3 1 0
github.com/davesavic/GEditorJS/converter/html.go:197.2,197.66 1 1
github.com/davesavic/GEditorJS/converter/html.go:202.77,204.2 1 1
